0 info it worked if it ends with ok
1 verbose cli [ 'C:\\Program Files\\nodejs\\node.exe',
1 verbose cli   'C:\\Program Files\\nodejs\\node_modules\\npm\\bin\\npm-cli.js',
1 verbose cli   'install',
1 verbose cli   'stateHelper' ]
2 info using npm@2.15.1
3 info using node@v4.4.4
4 verbose install initial load of C:\Users\schultz\Desktop\Professional\woodstocks\woodstocks\package.json
5 verbose installManyTop reading scoped package data from C:\Users\schultz\Desktop\Professional\woodstocks\woodstocks\node_modules\accepts\package.json
6 verbose installManyTop reading scoped package data from C:\Users\schultz\Desktop\Professional\woodstocks\woodstocks\node_modules\array-flatten\package.json
7 verbose installManyTop reading scoped package data from C:\Users\schultz\Desktop\Professional\woodstocks\woodstocks\node_modules\content-disposition\package.json
8 verbose installManyTop reading scoped package data from C:\Users\schultz\Desktop\Professional\woodstocks\woodstocks\node_modules\content-type\package.json
9 verbose installManyTop reading scoped package data from C:\Users\schultz\Desktop\Professional\woodstocks\woodstocks\node_modules\cookie\package.json
10 verbose installManyTop reading scoped package data from C:\Users\schultz\Desktop\Professional\woodstocks\woodstocks\node_modules\cookie-signature\package.json
11 verbose installManyTop reading scoped package data from C:\Users\schultz\Desktop\Professional\woodstocks\woodstocks\node_modules\debug\package.json
12 verbose installManyTop reading scoped package data from C:\Users\schultz\Desktop\Professional\woodstocks\woodstocks\node_modules\depd\package.json
13 verbose installManyTop reading scoped package data from C:\Users\schultz\Desktop\Professional\woodstocks\woodstocks\node_modules\destroy\package.json
14 verbose installManyTop reading scoped package data from C:\Users\schultz\Desktop\Professional\woodstocks\woodstocks\node_modules\ee-first\package.json
15 verbose installManyTop reading scoped package data from C:\Users\schultz\Desktop\Professional\woodstocks\woodstocks\node_modules\encodeurl\package.json
16 verbose installManyTop reading scoped package data from C:\Users\schultz\Desktop\Professional\woodstocks\woodstocks\node_modules\escape-html\package.json
17 verbose installManyTop reading scoped package data from C:\Users\schultz\Desktop\Professional\woodstocks\woodstocks\node_modules\etag\package.json
18 verbose installManyTop reading scoped package data from C:\Users\schultz\Desktop\Professional\woodstocks\woodstocks\node_modules\express\package.json
19 verbose installManyTop reading scoped package data from C:\Users\schultz\Desktop\Professional\woodstocks\woodstocks\node_modules\finalhandler\package.json
20 verbose installManyTop reading scoped package data from C:\Users\schultz\Desktop\Professional\woodstocks\woodstocks\node_modules\forwarded\package.json
21 verbose installManyTop reading scoped package data from C:\Users\schultz\Desktop\Professional\woodstocks\woodstocks\node_modules\fresh\package.json
22 verbose installManyTop reading scoped package data from C:\Users\schultz\Desktop\Professional\woodstocks\woodstocks\node_modules\gulp\package.json
23 verbose installManyTop reading scoped package data from C:\Users\schultz\Desktop\Professional\woodstocks\woodstocks\node_modules\http-errors\package.json
24 verbose installManyTop reading scoped package data from C:\Users\schultz\Desktop\Professional\woodstocks\woodstocks\node_modules\inherits\package.json
25 verbose installManyTop reading scoped package data from C:\Users\schultz\Desktop\Professional\woodstocks\woodstocks\node_modules\ipaddr.js\package.json
26 verbose installManyTop reading scoped package data from C:\Users\schultz\Desktop\Professional\woodstocks\woodstocks\node_modules\media-typer\package.json
27 verbose installManyTop reading scoped package data from C:\Users\schultz\Desktop\Professional\woodstocks\woodstocks\node_modules\merge-descriptors\package.json
28 verbose installManyTop reading scoped package data from C:\Users\schultz\Desktop\Professional\woodstocks\woodstocks\node_modules\methods\package.json
29 verbose installManyTop reading scoped package data from C:\Users\schultz\Desktop\Professional\woodstocks\woodstocks\node_modules\mime\package.json
30 verbose installManyTop reading scoped package data from C:\Users\schultz\Desktop\Professional\woodstocks\woodstocks\node_modules\mime-db\package.json
31 verbose installManyTop reading scoped package data from C:\Users\schultz\Desktop\Professional\woodstocks\woodstocks\node_modules\mime-types\package.json
32 verbose installManyTop reading scoped package data from C:\Users\schultz\Desktop\Professional\woodstocks\woodstocks\node_modules\ms\package.json
33 verbose installManyTop reading scoped package data from C:\Users\schultz\Desktop\Professional\woodstocks\woodstocks\node_modules\negotiator\package.json
34 verbose installManyTop reading scoped package data from C:\Users\schultz\Desktop\Professional\woodstocks\woodstocks\node_modules\on-finished\package.json
35 verbose installManyTop reading scoped package data from C:\Users\schultz\Desktop\Professional\woodstocks\woodstocks\node_modules\parseurl\package.json
36 verbose installManyTop reading scoped package data from C:\Users\schultz\Desktop\Professional\woodstocks\woodstocks\node_modules\path-to-regexp\package.json
37 verbose installManyTop reading scoped package data from C:\Users\schultz\Desktop\Professional\woodstocks\woodstocks\node_modules\proxy-addr\package.json
38 verbose installManyTop reading scoped package data from C:\Users\schultz\Desktop\Professional\woodstocks\woodstocks\node_modules\qs\package.json
39 verbose installManyTop reading scoped package data from C:\Users\schultz\Desktop\Professional\woodstocks\woodstocks\node_modules\range-parser\package.json
40 verbose installManyTop reading scoped package data from C:\Users\schultz\Desktop\Professional\woodstocks\woodstocks\node_modules\send\package.json
41 verbose installManyTop reading scoped package data from C:\Users\schultz\Desktop\Professional\woodstocks\woodstocks\node_modules\serve-static\package.json
42 verbose installManyTop reading scoped package data from C:\Users\schultz\Desktop\Professional\woodstocks\woodstocks\node_modules\setprototypeof\package.json
43 verbose installManyTop reading scoped package data from C:\Users\schultz\Desktop\Professional\woodstocks\woodstocks\node_modules\statuses\package.json
44 verbose installManyTop reading scoped package data from C:\Users\schultz\Desktop\Professional\woodstocks\woodstocks\node_modules\type-is\package.json
45 verbose installManyTop reading scoped package data from C:\Users\schultz\Desktop\Professional\woodstocks\woodstocks\node_modules\unpipe\package.json
46 verbose installManyTop reading scoped package data from C:\Users\schultz\Desktop\Professional\woodstocks\woodstocks\node_modules\utils-merge\package.json
47 verbose installManyTop reading scoped package data from C:\Users\schultz\Desktop\Professional\woodstocks\woodstocks\node_modules\vary\package.json
48 info package.json mime@1.3.4 No license field.
49 info package.json ms@0.7.1 No license field.
50 info package.json utils-merge@1.0.0 No license field.
51 verbose readDependencies loading dependencies from C:\Users\schultz\Desktop\Professional\woodstocks\woodstocks\package.json
52 silly cache add args [ 'stateHelper', null ]
53 verbose cache add spec stateHelper
54 silly cache add parsed spec Result {
54 silly cache add   raw: 'stateHelper',
54 silly cache add   scope: null,
54 silly cache add   name: 'stateHelper',
54 silly cache add   rawSpec: '',
54 silly cache add   spec: 'latest',
54 silly cache add   type: 'tag' }
55 silly addNamed stateHelper@latest
56 verbose addNamed "latest" is being treated as a dist-tag for stateHelper
57 info addNameTag [ 'stateHelper', 'latest' ]
58 silly mapToRegistry name stateHelper
59 silly mapToRegistry using default registry
60 silly mapToRegistry registry https://registry.npmjs.org/
61 silly mapToRegistry data Result {
61 silly mapToRegistry   raw: 'stateHelper',
61 silly mapToRegistry   scope: null,
61 silly mapToRegistry   name: 'stateHelper',
61 silly mapToRegistry   rawSpec: '',
61 silly mapToRegistry   spec: 'latest',
61 silly mapToRegistry   type: 'tag' }
62 silly mapToRegistry uri https://registry.npmjs.org/stateHelper
63 verbose addNameTag registry:https://registry.npmjs.org/stateHelper not in flight; fetching
64 verbose request uri https://registry.npmjs.org/stateHelper
65 verbose request no auth needed
66 info attempt registry request try #1 at 7:33:42 PM
67 verbose request id 649ce8e42bff9a45
68 http request GET https://registry.npmjs.org/stateHelper
69 http 404 https://registry.npmjs.org/stateHelper
70 verbose headers { 'content-type': 'application/json',
70 verbose headers   'cache-control': 'max-age=0',
70 verbose headers   'content-length': '2',
70 verbose headers   'accept-ranges': 'bytes',
70 verbose headers   date: 'Thu, 06 Oct 2016 02:33:43 GMT',
70 verbose headers   via: '1.1 varnish',
70 verbose headers   age: '0',
70 verbose headers   connection: 'keep-alive',
70 verbose headers   'x-served-by': 'cache-sea1921-SEA',
70 verbose headers   'x-cache': 'MISS',
70 verbose headers   'x-cache-hits': '0',
70 verbose headers   'x-timer': 'S1475721223.615259,VS0,VE23',
70 verbose headers   vary: 'Accept-Encoding' }
71 silly get cb [ 404,
71 silly get   { 'content-type': 'application/json',
71 silly get     'cache-control': 'max-age=0',
71 silly get     'content-length': '2',
71 silly get     'accept-ranges': 'bytes',
71 silly get     date: 'Thu, 06 Oct 2016 02:33:43 GMT',
71 silly get     via: '1.1 varnish',
71 silly get     age: '0',
71 silly get     connection: 'keep-alive',
71 silly get     'x-served-by': 'cache-sea1921-SEA',
71 silly get     'x-cache': 'MISS',
71 silly get     'x-cache-hits': '0',
71 silly get     'x-timer': 'S1475721223.615259,VS0,VE23',
71 silly get     vary: 'Accept-Encoding' } ]
72 verbose stack Error: Registry returned 404 for GET on https://registry.npmjs.org/stateHelper
72 verbose stack     at makeError (C:\Program Files\nodejs\node_modules\npm\node_modules\npm-registry-client\lib\request.js:264:12)
72 verbose stack     at CachingRegistryClient.<anonymous> (C:\Program Files\nodejs\node_modules\npm\node_modules\npm-registry-client\lib\request.js:242:14)
72 verbose stack     at Request._callback (C:\Program Files\nodejs\node_modules\npm\node_modules\npm-registry-client\lib\request.js:172:14)
72 verbose stack     at Request.self.callback (C:\Program Files\nodejs\node_modules\npm\node_modules\request\request.js:199:22)
72 verbose stack     at emitTwo (events.js:87:13)
72 verbose stack     at Request.emit (events.js:172:7)
72 verbose stack     at Request.<anonymous> (C:\Program Files\nodejs\node_modules\npm\node_modules\request\request.js:1036:10)
72 verbose stack     at emitOne (events.js:82:20)
72 verbose stack     at Request.emit (events.js:169:7)
72 verbose stack     at IncomingMessage.<anonymous> (C:\Program Files\nodejs\node_modules\npm\node_modules\request\request.js:963:12)
73 verbose statusCode 404
74 verbose pkgid stateHelper
75 verbose cwd C:\Users\schultz\Desktop\Professional\woodstocks\woodstocks
76 error Windows_NT 10.0.14393
77 error argv "C:\\Program Files\\nodejs\\node.exe" "C:\\Program Files\\nodejs\\node_modules\\npm\\bin\\npm-cli.js" "install" "stateHelper"
78 error node v4.4.4
79 error npm  v2.15.1
80 error code E404
81 error 404 Registry returned 404 for GET on https://registry.npmjs.org/stateHelper
81 error 404
81 error 404 'stateHelper' is not in the npm registry.
81 error 404 Your package name is not valid, because
81 error 404
81 error 404  1. name can no longer contain capital letters
81 error 404
81 error 404 Note that you can also install from a
81 error 404 tarball, folder, http url, or git url.
82 verbose exit [ 1, true ]
